<?xml version="1.0" encoding="UTF-8"?>
<testsuite xmlns:xsi="http://www.w3.org/2001/XMLSchema-instance" xsi:noNamespaceSchemaLocation="https://maven.apache.org/surefire/maven-surefire-plugin/xsd/surefire-test-report.xsd" name="org.java.com.yh.calsheet.YhCalSheetApplicationTests" time="0.059" tests="9" errors="9" skipped="0" failures="0">
  <properties>
    <property name="sun.desktop" value="windows"/>
    <property name="awt.toolkit" value="sun.awt.windows.WToolkit"/>
    <property name="file.encoding.pkg" value="sun.io"/>
    <property name="java.specification.version" value="1.8"/>
    <property name="sun.cpu.isalist" value="amd64"/>
    <property name="sun.jnu.encoding" value="GBK"/>
    <property name="java.class.path" value="D:\install soft\java\apache-maven-3.6.3\boot\plexus-classworlds-2.6.0.jar;D:\install soft\java\apache-maven-3.6.3\boot\plexus-classworlds.license;D:\install soft\IntelliJ IDEA 2020.1.2\lib\idea_rt.jar;C:\Users\yangzb\AppData\Local\JetBrains\IntelliJIdea2020.1\captureAgent\debugger-agent.jar"/>
    <property name="forkCount" value="0"/>
    <property name="java.vm.vendor" value="Oracle Corporation"/>
    <property name="sun.arch.data.model" value="64"/>
    <property name="user.variant" value=""/>
    <property name="java.vendor.url" value="http://java.oracle.com/"/>
    <property name="user.timezone" value="Asia/Shanghai"/>
    <property name="maven.conf" value="D:\install soft\java\apache-maven-3.6.3/conf"/>
    <property name="os.name" value="Windows 10"/>
    <property name="java.vm.specification.version" value="1.8"/>
    <property name="user.country" value="CN"/>
    <property name="sun.java.launcher" value="SUN_STANDARD"/>
    <property name="sun.boot.library.path" value="D:\install soft\java\jdk1.8.0_231\jre\bin"/>
    <property name="sun.java.command" value="org.codehaus.classworlds.Launcher -Didea.version2020.1.2 -s D:\install soft\java\apache-maven-3.6.3\conf\settings-myself.xml -Dmaven.repo.local=D:\install soft\java\apache-maven-3.6.3\MavenRepository install -DforkCount=0 -DreuseForks=false"/>
    <property name="maven.home" value="D:\install soft\java\apache-maven-3.6.3"/>
    <property name="surefire.test.class.path" value="E:\SelfWorkspace\yh-project\BookCalculation\formulaManipulation\target\test-classes;E:\SelfWorkspace\yh-project\BookCalculation\formulaManipulation\target\classes;D:\install soft\java\apache-maven-3.6.3\MavenRepository\junit\junit\4.11\junit-4.11.jar;D:\install soft\java\apache-maven-3.6.3\MavenRepository\org\hamcrest\hamcrest-core\1.3\hamcrest-core-1.3.jar;D:\install soft\java\apache-maven-3.6.3\MavenRepository\org\apache\poi\poi\5.2.0\poi-5.2.0.jar;D:\install soft\java\apache-maven-3.6.3\MavenRepository\commons-codec\commons-codec\1.15\commons-codec-1.15.jar;D:\install soft\java\apache-maven-3.6.3\MavenRepository\org\apache\commons\commons-collections4\4.4\commons-collections4-4.4.jar;D:\install soft\java\apache-maven-3.6.3\MavenRepository\org\apache\commons\commons-math3\3.6.1\commons-math3-3.6.1.jar;D:\install soft\java\apache-maven-3.6.3\MavenRepository\commons-io\commons-io\2.11.0\commons-io-2.11.0.jar;D:\install soft\java\apache-maven-3.6.3\MavenRepository\com\zaxxer\SparseBitSet\1.2\SparseBitSet-1.2.jar;D:\install soft\java\apache-maven-3.6.3\MavenRepository\org\apache\logging\log4j\log4j-api\2.17.1\log4j-api-2.17.1.jar;D:\install soft\java\apache-maven-3.6.3\MavenRepository\com\googlecode\aviator\aviator\5.0.0\aviator-5.0.0.jar;D:\install soft\java\apache-maven-3.6.3\MavenRepository\commons-beanutils\commons-beanutils\1.9.3\commons-beanutils-1.9.3.jar;D:\install soft\java\apache-maven-3.6.3\MavenRepository\commons-collections\commons-collections\3.2.2\commons-collections-3.2.2.jar;D:\install soft\java\apache-maven-3.6.3\MavenRepository\e-iceblue\spire.doc.free\3.9.0\spire.doc.free-3.9.0.jar;D:\install soft\java\apache-maven-3.6.3\MavenRepository\com\github\gbenroscience\parser-ng\0.1.5\parser-ng-0.1.5.jar;D:\install soft\java\apache-maven-3.6.3\MavenRepository\com\alibaba\fastjson\1.2.69\fastjson-1.2.69.jar;D:\install soft\java\apache-maven-3.6.3\MavenRepository\com\deepoove\poi-tl\1.11.1\poi-tl-1.11.1.jar;D:\install soft\java\apache-maven-3.6.3\MavenRepository\org\slf4j\slf4j-api\1.7.32\slf4j-api-1.7.32.jar;D:\install soft\java\apache-maven-3.6.3\MavenRepository\org\apache\commons\commons-lang3\3.3.2\commons-lang3-3.3.2.jar;D:\install soft\java\apache-maven-3.6.3\MavenRepository\org\apache\poi\poi-ooxml\5.2.0\poi-ooxml-5.2.0.jar;D:\install soft\java\apache-maven-3.6.3\MavenRepository\org\apache\poi\poi-ooxml-lite\5.2.0\poi-ooxml-lite-5.2.0.jar;D:\install soft\java\apache-maven-3.6.3\MavenRepository\org\apache\xmlbeans\xmlbeans\5.0.3\xmlbeans-5.0.3.jar;D:\install soft\java\apache-maven-3.6.3\MavenRepository\xml-apis\xml-apis\1.4.01\xml-apis-1.4.01.jar;D:\install soft\java\apache-maven-3.6.3\MavenRepository\org\apache\commons\commons-compress\1.21\commons-compress-1.21.jar;D:\install soft\java\apache-maven-3.6.3\MavenRepository\com\github\virtuald\curvesapi\1.06\curvesapi-1.06.jar;D:\install soft\java\apache-maven-3.6.3\MavenRepository\com\deepoove\poi-ooxml-schemas-extra\5.1.0\poi-ooxml-schemas-extra-5.1.0.jar;D:\install soft\java\apache-maven-3.6.3\MavenRepository\org\apache\xmlgraphics\batik-transcoder\1.14\batik-transcoder-1.14.jar;D:\install soft\java\apache-maven-3.6.3\MavenRepository\org\apache\xmlgraphics\batik-anim\1.14\batik-anim-1.14.jar;D:\install soft\java\apache-maven-3.6.3\MavenRepository\org\apache\xmlgraphics\batik-css\1.14\batik-css-1.14.jar;D:\install soft\java\apache-maven-3.6.3\MavenRepository\org\apache\xmlgraphics\batik-ext\1.14\batik-ext-1.14.jar;D:\install soft\java\apache-maven-3.6.3\MavenRepository\org\apache\xmlgraphics\batik-parser\1.14\batik-parser-1.14.jar;D:\install soft\java\apache-maven-3.6.3\MavenRepository\org\apache\xmlgraphics\batik-svg-dom\1.14\batik-svg-dom-1.14.jar;D:\install soft\java\apache-maven-3.6.3\MavenRepository\org\apache\xmlgraphics\batik-awt-util\1.14\batik-awt-util-1.14.jar;D:\install soft\java\apache-maven-3.6.3\MavenRepository\org\apache\xmlgraphics\xmlgraphics-commons\2.6\xmlgraphics-commons-2.6.jar;D:\install soft\java\apache-maven-3.6.3\MavenRepository\org\apache\xmlgraphics\batik-bridge\1.14\batik-bridge-1.14.jar;D:\install soft\java\apache-maven-3.6.3\MavenRepository\org\apache\xmlgraphics\batik-script\1.14\batik-script-1.14.jar;D:\install soft\java\apache-maven-3.6.3\MavenRepository\org\apache\xmlgraphics\batik-dom\1.14\batik-dom-1.14.jar;D:\install soft\java\apache-maven-3.6.3\MavenRepository\xalan\xalan\2.7.2\xalan-2.7.2.jar;D:\install soft\java\apache-maven-3.6.3\MavenRepository\xalan\serializer\2.7.2\serializer-2.7.2.jar;D:\install soft\java\apache-maven-3.6.3\MavenRepository\org\apache\xmlgraphics\batik-gvt\1.14\batik-gvt-1.14.jar;D:\install soft\java\apache-maven-3.6.3\MavenRepository\org\apache\xmlgraphics\batik-shared-resources\1.14\batik-shared-resources-1.14.jar;D:\install soft\java\apache-maven-3.6.3\MavenRepository\org\apache\xmlgraphics\batik-svggen\1.14\batik-svggen-1.14.jar;D:\install soft\java\apache-maven-3.6.3\MavenRepository\org\apache\xmlgraphics\batik-util\1.14\batik-util-1.14.jar;D:\install soft\java\apache-maven-3.6.3\MavenRepository\org\apache\xmlgraphics\batik-constants\1.14\batik-constants-1.14.jar;D:\install soft\java\apache-maven-3.6.3\MavenRepository\org\apache\xmlgraphics\batik-i18n\1.14\batik-i18n-1.14.jar;D:\install soft\java\apache-maven-3.6.3\MavenRepository\org\apache\xmlgraphics\batik-xml\1.14\batik-xml-1.14.jar;D:\install soft\java\apache-maven-3.6.3\MavenRepository\xml-apis\xml-apis-ext\1.3.04\xml-apis-ext-1.3.04.jar;D:\install soft\java\apache-maven-3.6.3\MavenRepository\org\apache\xmlgraphics\batik-codec\1.14\batik-codec-1.14.jar;D:\install soft\java\apache-maven-3.6.3\MavenRepository\org\apache\ant\ant\1.10.12\ant-1.10.12.jar;D:\install soft\java\apache-maven-3.6.3\MavenRepository\org\apache\ant\ant-launcher\1.10.12\ant-launcher-1.10.12.jar;D:\install soft\java\jdk1.8.0_231\jre\..\lib\tools.jar;D:\install soft\java\apache-maven-3.6.3\MavenRepository\org\projectlombok\lombok\1.18.20\lombok-1.18.20.jar;D:\install soft\java\apache-maven-3.6.3\MavenRepository\org\springframework\spring-core\3.2.6.RELEASE\spring-core-3.2.6.RELEASE.jar;D:\install soft\java\apache-maven-3.6.3\MavenRepository\commons-logging\commons-logging\1.1.1\commons-logging-1.1.1.jar;"/>
    <property name="sun.cpu.endian" value="little"/>
    <property name="user.home" value="C:\Users\yangzb"/>
    <property name="user.language" value="zh"/>
    <property name="java.specification.vendor" value="Oracle Corporation"/>
    <property name="java.home" value="D:\install soft\java\jdk1.8.0_231\jre"/>
    <property name="reuseForks" value="false"/>
    <property name="basedir" value="E:\SelfWorkspace\yh-project\BookCalculation\formulaManipulation"/>
    <property name="file.separator" value="\"/>
    <property name="line.separator" value="&#10;"/>
    <property name="intellij.debug.agent" value="true"/>
    <property name="java.vm.specification.vendor" value="Oracle Corporation"/>
    <property name="java.specification.name" value="Java Platform API Specification"/>
    <property name="java.awt.graphicsenv" value="sun.awt.Win32GraphicsEnvironment"/>
    <property name="idea.version2020.1.2" value="true"/>
    <property name="sun.boot.class.path" value="D:\install soft\java\jdk1.8.0_231\jre\lib\resources.jar;D:\install soft\java\jdk1.8.0_231\jre\lib\rt.jar;D:\install soft\java\jdk1.8.0_231\jre\lib\sunrsasign.jar;D:\install soft\java\jdk1.8.0_231\jre\lib\jsse.jar;D:\install soft\java\jdk1.8.0_231\jre\lib\jce.jar;D:\install soft\java\jdk1.8.0_231\jre\lib\charsets.jar;D:\install soft\java\jdk1.8.0_231\jre\lib\jfr.jar;D:\install soft\java\jdk1.8.0_231\jre\classes"/>
    <property name="user.script" value=""/>
    <property name="sun.management.compiler" value="HotSpot 64-Bit Tiered Compilers"/>
    <property name="java.runtime.version" value="1.8.0_231-b11"/>
    <property name="user.name" value="yangzb"/>
    <property name="path.separator" value=";"/>
    <property name="os.version" value="10.0"/>
    <property name="java.endorsed.dirs" value="D:\install soft\java\jdk1.8.0_231\jre\lib\endorsed"/>
    <property name="java.runtime.name" value="Java(TM) SE Runtime Environment"/>
    <property name="file.encoding" value="UTF-8"/>
    <property name="guice.disable.misplaced.annotation.check" value="true"/>
    <property name="java.vm.name" value="Java HotSpot(TM) 64-Bit Server VM"/>
    <property name="maven.ext.class.path" value="D:\install soft\IntelliJ IDEA 2020.1.2\plugins\maven\lib\maven-event-listener.jar"/>
    <property name="localRepository" value="D:\install soft\java\apache-maven-3.6.3\MavenRepository"/>
    <property name="java.vendor.url.bug" value="http://bugreport.sun.com/bugreport/"/>
    <property name="java.io.tmpdir" value="C:\Users\yangzb\AppData\Local\Temp\"/>
    <property name="jboss.modules.system.pkgs" value="com.intellij.rt"/>
    <property name="java.version" value="1.8.0_231"/>
    <property name="user.dir" value="E:\SelfWorkspace\yh-project\BookCalculation\formulaManipulation"/>
    <property name="os.arch" value="amd64"/>
    <property name="maven.multiModuleProjectDirectory" value="E:\SelfWorkspace\yh-project\BookCalculation\formulaManipulation"/>
    <property name="java.vm.specification.name" value="Java Virtual Machine Specification"/>
    <property name="java.awt.printerjob" value="sun.awt.windows.WPrinterJob"/>
    <property name="sun.os.patch.level" value=""/>
    <property name="java.library.path" value="D:\install soft\java\jdk1.8.0_231\bin;C:\Windows\Sun\Java\bin;C:\Windows\system32;C:\Windows;D:\install soft\Python\Scripts\;D:\install soft\Python\;C:\Program Files (x86)\Common Files\Oracle\Java\javapath;C:\Program Files\Common Files\Oracle\Java\javapath;D:\install soft\java\jdk-11.0.9\bin;D:\install soft\java\jdk-11.0.9\jre\bin;C:\ProgramData\Oracle\Java\javapath;C:\Windows\system32;C:\Windows;C:\Windows\System32\Wbem;C:\Windows\System32\WindowsPowerShell\v1.0\;C:\Windows\System32\OpenSSH\;C:\ProgramData\chocolatey\bin;D:\install soft\java\apache-maven-3.6.3\bin;D:\install soft\nodejs\;D:\install soft\java\gradle-7.1\bin;C:\Program Files\Docker\Docker\resources\bin;C:\ProgramData\DockerDesktop\version-bin;D:\install soft\java\apache-ant-1.10.10\bin;C:\Program Files\Microsoft SQL Server\150\Tools\Binn\;C:\Program Files\Microsoft SQL Server\Client SDK\ODBC\170\Tools\Binn\;C:\Program Files\dotnet\;D:\install soft\Go\bin;D:\install soft\Go\bin;D:\install soft\Git\cmd;C:\Users\yangzb\AppData\Local\Microsoft\WindowsApps;D:\install soft\DataGrip 2019.1.2\bin;;D:\install soft\WebStorm 2020.1\bin;;C:\Users\yangzb\AppData\Roaming\npm;D:\install soft\java\gradle-7.1\bin;D:\install soft\PyCharm 2019.1.1\bin;;C:\Users\yangzb\.dotnet\tools;D:\install soft\Go\bin;D:\install soft\JetBrains\GoLand\bin;;C:\Users\yangzb\go\bin;D:\install soft\MicrosoftVSCode\bin;C:\Users\yangzb\AppData\Local\GitHubDesktop\bin;."/>
    <property name="java.vm.info" value="mixed mode"/>
    <property name="java.vendor" value="Oracle Corporation"/>
    <property name="java.vm.version" value="25.231-b11"/>
    <property name="classworlds.conf" value="D:\install soft\java\apache-maven-3.6.3\bin\m2.conf"/>
    <property name="java.ext.dirs" value="D:\install soft\java\jdk1.8.0_231\jre\lib\ext;C:\Windows\Sun\Java\lib\ext"/>
    <property name="sun.io.unicode.encoding" value="UnicodeLittle"/>
    <property name="maven.repo.local" value="D:\install soft\java\apache-maven-3.6.3\MavenRepository"/>
    <property name="java.class.version" value="52.0"/>
  </properties>
  <testcase name="initializationError" classname="org.java.com.yh.calsheet.YhCalSheetApplicationTests" time="0.002">
    <error message="Test class should have exactly one public constructor" type="java.lang.Exception">java.lang.Exception: Test class should have exactly one public constructor
</error>
  </testcase>
  <testcase name="initializationError" classname="org.java.com.yh.calsheet.YhCalSheetApplicationTests" time="0">
    <error message="Class org.java.com.yh.calsheet.YhCalSheetApplicationTests should be public" type="java.lang.Exception">java.lang.Exception: Class org.java.com.yh.calsheet.YhCalSheetApplicationTests should be public
</error>
  </testcase>
  <testcase name="initializationError" classname="org.java.com.yh.calsheet.YhCalSheetApplicationTests" time="0">
    <error message="Method calculation() should be public" type="java.lang.Exception">java.lang.Exception: Method calculation() should be public
</error>
  </testcase>
  <testcase name="initializationError" classname="org.java.com.yh.calsheet.YhCalSheetApplicationTests" time="0">
    <error message="Class org.java.com.yh.calsheet.YhCalSheetApplicationTests should be public" type="java.lang.Exception">java.lang.Exception: Class org.java.com.yh.calsheet.YhCalSheetApplicationTests should be public
</error>
  </testcase>
  <testcase name="initializationError" classname="org.java.com.yh.calsheet.YhCalSheetApplicationTests" time="0">
    <error message="Method valueFillCal() should be public" type="java.lang.Exception">java.lang.Exception: Method valueFillCal() should be public
</error>
  </testcase>
  <testcase name="initializationError" classname="org.java.com.yh.calsheet.YhCalSheetApplicationTests" time="0">
    <error message="Class org.java.com.yh.calsheet.YhCalSheetApplicationTests should be public" type="java.lang.Exception">java.lang.Exception: Class org.java.com.yh.calsheet.YhCalSheetApplicationTests should be public
</error>
  </testcase>
  <testcase name="initializationError" classname="org.java.com.yh.calsheet.YhCalSheetApplicationTests" time="0">
    <error message="Method latexEquation() should be public" type="java.lang.Exception">java.lang.Exception: Method latexEquation() should be public
</error>
  </testcase>
  <testcase name="initializationError" classname="org.java.com.yh.calsheet.YhCalSheetApplicationTests" time="0">
    <error message="Class org.java.com.yh.calsheet.YhCalSheetApplicationTests should be public" type="java.lang.Exception">java.lang.Exception: Class org.java.com.yh.calsheet.YhCalSheetApplicationTests should be public
</error>
  </testcase>
  <testcase name="initializationError" classname="org.java.com.yh.calsheet.YhCalSheetApplicationTests" time="0">
    <error message="Method getParamTest() should be public" type="java.lang.Exception">java.lang.Exception: Method getParamTest() should be public
</error>
  </testcase>
</testsuite>